[2018/08/04 00:02] [Folderizer] START Folderizer path : \\NASMATG\Raid\Films
[2018/08/04 00:02] [Folderizer] File : 
[2018/08/04 00:02] [Folderizer] END Folderizer path : \\NASMATG\Raid\Films
[2018/08/04 00:02] [Folderizer] START Folderizer path : \\NASMATG\Raid\Films
[2018/08/04 00:02] [Folderizer] File : 
[2018/08/04 00:02] [Folderizer] END Folderizer path : \\NASMATG\Raid\Films
[2018/08/04 00:03] [Folderizer] START Folderizer path : \\NASMATG\Raid\Films
[2018/08/04 00:03] [Folderizer] Impossible de convertir « System.Object[] » en type « System.String », requis par le paramètre « Filter ». La méthode spécifiée n'est pas prise en charge.
[2018/08/04 00:04] [Folderizer] START Folderizer path : \\NASMATG\Raid\Films
[2018/08/04 00:04] [Folderizer] Impossible de convertir « System.Object[] » en type « System.String », requis par le paramètre « Filter ». La méthode spécifiée n'est pas prise en charge.
[2018/08/04 00:04] [Folderizer] START Folderizer path : \\NASMATG\Raid\Films
[2018/08/04 00:04] [Folderizer] Impossible de convertir « System.Object[] » en type « System.String », requis par le paramètre « Filter ». La méthode spécifiée n'est pas prise en charge.
[2018/08/04 00:04] [Folderizer] START Folderizer path : \\NASMATG\Raid\Films
[2018/08/04 00:04] [Folderizer] Impossible de convertir « System.Object[] » en type « System.String », requis par le paramètre « Filter ». La méthode spécifiée n'est pas prise en charge.
[2018/08/04 00:05] [Folderizer] START Folderizer path : \\NASMATG\Raid\Films
[2018/08/04 00:05] [Folderizer] Impossible de convertir « System.Object[] » en type « System.String », requis par le paramètre « Filter ». La méthode spécifiée n'est pas prise en charge.
[2018/08/04 00:05] [Folderizer] START Folderizer path : \\NASMATG\Raid\Films
[2018/08/04 00:05] [Folderizer] Impossible de convertir « System.Object[] » en type « System.String », requis par le paramètre « Filter ». La méthode spécifiée n'est pas prise en charge.
[2018/08/04 00:05] [Folderizer] START Folderizer path : \\NASMATG\Raid\Films
[2018/08/04 00:06] [Folderizer] START Folderizer path : \\NASMATG\Raid\Films
[2018/08/04 00:06] [Folderizer] END Folderizer path : \\NASMATG\Raid\Films
[2018/08/04 00:06] [Folderizer] START Folderizer path : \\NASMATG\Raid\Films
[2018/08/04 00:08] [Folderizer] START Folderizer path : \\NASMATG\Raid\Films
[2018/08/04 00:11] [Folderizer] START Folderizer path : \\NASMATG\Raid\Films
[2018/08/04 00:13] [Folderizer] START Folderizer path : \\NASMATG\Raid\Films
[2018/08/04 00:17] [Folderizer] START Folderizer path : \\NASMATG\Raid\Films
[2018/08/04 00:18] [Folderizer] START Folderizer path : \\NASMATG\Raid\Films
[2018/08/04 00:20] [Folderizer] END Folderizer path : \\NASMATG\Raid\Films
[2018/08/04 00:20] [Folderizer] START Folderizer path : \\NASMATG\Raid\Films
[2018/08/04 00:21] [Folderizer] START Folderizer path : \\NASMATG\Raid\Films
[2018/08/04 00:22] [Folderizer] File : Seul sur Mars (2015) [1080p] MULTI (VFF-VOA-VFQ) Bluray x264 AC3-PopHD (The Martian).mkv
[2018/08/04 00:22] [Folderizer] File : Josephine.2013.FRENCH.DVDRip.x264-ARTEFAC.mkv
[2018/08/04 00:22] [Folderizer] File : Terminator.Genisys.2015.TRUEFRENCH.1080p.BluRay.x264.AC3-SVR.mkv
[2018/08/04 00:22] [Folderizer] File : The Hunger Game Truefrench DTS-HDMA Anglais AC3.mkv
[2018/08/04 00:22] [Folderizer] File : Captain America Civil War (2016) MULTi-VF2 [1080p] BluRay DTS HDMA 7.1x264-TkHD.mkv
[2018/08/04 00:22] [Folderizer] File : a.million.ways.to.die.in.the.west.2014.truefrench.720p.bluray.x264-goatlove.mkv
[2018/08/04 00:22] [Folderizer] File : The.Imitation.Game.2014.MULTi.TRUEFRENCH.1080p.BluRay.x264-Slay3R.mkv
[2018/08/04 00:22] [Folderizer] File : Invisible.Boy.2015.FRENCH.1080p.WEB-DL.H264-AMY.mkv
[2018/08/04 00:22] [Folderizer] File : Le.vent.se.lève.BD.x264.1080p.MULTI.[Kamigami].mkv
[2018/08/04 00:22] [Folderizer] File : The.5th.Wave.2016.FRENCH.BRRip.XviD-AM84.avi
[2018/08/04 00:22] [Folderizer] File : Austin Powers - l'espion qui m'a tirée (1999)  - 1080p FR EN x264 ac3 mHDgz.mkv
[2018/08/04 00:22] [Folderizer] File : Spectre (2015) MULTi (VFF-VOA) [1080p] BluRay x264-PopHD.mkv
[2018/08/04 00:22] [Folderizer] File : American.ultra.2015.FRENCH.BRRiP.x264.AC3-KiKi.mkv
[2018/08/04 00:22] [Folderizer] File : Josephine.S.Arrondit.2016.FRENCH.BRRip.XViD-AM84.avi
[2018/08/04 00:22] [Folderizer] File : Agents très spéciaux - Code U.N.C.L.E. (The Man from U.N.C.L.E.) 2015.mkv
[2018/08/04 00:22] [Folderizer] File : Fiston.2014.Truefrench.BDRip.x264-Les Bidochons.mkv
[2018/08/04 00:22] [Folderizer] File : Les Tuche 2 2016 French AC3 1080p HDLight x264.GHT.mkv
[2018/08/04 00:22] [Folderizer] File : Les.nouvelles.aventures.d'Aladin.BDRip.AVC.dimcka42.mkv
[2018/08/04 00:22] [Folderizer] File : Ghost.in.the.Shell.2017.1080p.BluRay.MULTi.VFF.VFQ.x265.HEVC.Dolby.Atmos.7.1.DD.5.1-GuS2SuG.mkv
[2018/08/04 00:22] [Folderizer] File : Pan (2015) [1080p] MULTi VFQ BluRay x264 AC3-PopHD.mkv
[2018/08/04 00:22] [Folderizer] File : Les Tuche 720p x264 (AAC 5.1) FRENCH - MD1304.mp4
[2018/08/04 00:22] [Folderizer] File : Absolutely.Anything.2015.1080p.MULTI.Truefrench.AC3.H264~Xantar.mkv
[2018/08/04 00:22] [Folderizer] File : Divergente.2.2015.MULTI.TRUEFRENCH.1080p.BluRay.x264-SVR.mkv
[2018/08/04 00:22] [Folderizer] File : Mad.Max.Fury.Road.2015.MULTI.TRUEFRENCH.1080p.BluRay.x264.DTS-HDMA-JKF-2D.mkv
[2018/08/04 00:22] [Folderizer] File : Babysitting.2014.FRENCH.DVDRip.x264.AC3-UTT.mkv
[2018/08/04 00:22] [Folderizer] File : The World's End [1080p] MULTI 2013 BluRay x264-Pop .le dernier pub avant la fin du monde. .mkv
[2018/08/04 00:22] [Folderizer] File : Batman v Superman Dawn Of Justice 2016 EXTENDED MULTi VFF AC3-DTS 1080p HDLight x264.GHT.mkv
[2018/08/04 00:22] [Folderizer] File : La.Tour.2.Controle.Infernale.2015.FRENCH.720p.BluRay.x264-AiRLiNE.mkv
[2018/08/04 00:22] [Folderizer] File : Ave.Cesar.2016.MUTLI.VFF.BluRay.1080.x265.HEVC.DTS-HDMA-STARLIGHTER.mkv
[2018/08/04 00:22] [Folderizer] File : 20.Ans.d.Ecart.2013.FRENCH.BRRIP.XviD-FUZION.avi
[2018/08/04 00:22] [Folderizer] File : Le.Monde.de.Dory.2016.Multi.1080p.Bluray.Remux.AVC-BDHD.mkv
[2018/08/04 00:22] [Folderizer] File : Divergente.2014.TRUEFRENCH.1080p.Bluray.DTS.x264-TPSY.mkv
[2018/08/04 00:22] [Folderizer] File : Une.Famille.A.Louer.2015.FRENCH.BDRip.avi
[2018/08/04 00:22] [Folderizer] File : [ Torrent9.info ] xXx.Return.of.Xander.Cage.2017.MULTi.1080p.BluRay.x264-VENUE.mkv
[2018/08/04 00:22] [Folderizer] File : Le Labyrinthe La Terre brûlée - 2015.Multi.Truefrench.1280.720p.BluRay.x264.Portos.mkv
[2018/08/04 00:22] [Folderizer] File : Babysitting 2 2015 French AC3 1080p HDLight x264.GHT.mkv
[2018/08/04 00:22] [Folderizer] File : Camping 3 2016 French 1080p HDLight x264.GHT.mkv
[2018/08/04 00:22] [Folderizer] File : code.mercury.1998.TRUEFRENCH.X264.AC3-Dragon1975.mkv
[2018/08/04 00:22] [Folderizer] File : Big.Game.2014.FRENCH.BRRiP.x264-JUSTFORFUN.mkv
[2018/08/04 00:22] [Folderizer] File : Concussion.2015.MULTI.TRUEFRENCH.1080p.BluRay.DTS.x264-PiNKPANTERS.mkv
[2018/08/04 00:22] [Folderizer] File : Ant-Man (2015) - Multi 1080p - x265 AAC 5.1 - CCATS.mkv
[2018/08/04 00:22] [Folderizer] File : Snatch 2000 720p FRENCH HDRip Sub Forces x264 AC3-SubZero.mkv
[2018/08/04 00:22] [Folderizer] File : Realite.1080p.Truefrench.VFF.DTS.H264~Xantar.mkv
[2018/08/04 00:22] [Folderizer] File : [DragonMax] Steins Gate - 1080p - 02v2.mkv
[2018/08/04 00:22] [Folderizer] File : [DragonMax] Steins Gate - 1080p - 16.mkv
[2018/08/04 00:22] [Folderizer] File : [DragonMax] Steins Gate - 1080p - 11.mkv
[2018/08/04 00:22] [Folderizer] File : [DragonMax] Steins Gate - 1080p - 24 Fin.mkv
[2018/08/04 00:22] [Folderizer] File : [DragonMax] Steins Gate - 1080p - 18.mkv
[2018/08/04 00:22] [Folderizer] File : [DragonMax] Steins Gate - 1080p - 01.mkv
[2018/08/04 00:22] [Folderizer] File : [DragonMax] Steins Gate - 1080p - 22.mkv
[2018/08/04 00:22] [Folderizer] File : [DragonMax] Steins Gate - 1080p - 03v2.mkv
[2018/08/04 00:22] [Folderizer] File : [DragonMax] Steins Gate - 1080p - Le Film.mkv
[2018/08/04 00:22] [Folderizer] File : [DragonMax] Steins Gate - 1080p - 06.mkv
[2018/08/04 00:22] [Folderizer] File : [DragonMax] Steins Gate - 1080p - 13.mkv
[2018/08/04 00:22] [Folderizer] File : [DragonMax] Steins Gate - 1080p - 09.mkv
[2018/08/04 00:22] [Folderizer] File : [DragonMax] Steins Gate - 1080p - 05v2.mkv
[2018/08/04 00:22] [Folderizer] File : [DragonMax] Steins Gate - 1080p - 17.mkv
[2018/08/04 00:22] [Folderizer] File : [DragonMax] Steins Gate - 1080p - 15.mkv
[2018/08/04 00:22] [Folderizer] File : [DragonMax] Steins Gate - 1080p - OAV.mkv
[2018/08/04 00:22] [Folderizer] File : [DragonMax] Steins Gate - 1080p - 08.mkv
[2018/08/04 00:22] [Folderizer] File : [DragonMax] Steins Gate - 1080p - 14.mkv
[2018/08/04 00:22] [Folderizer] File : [DragonMax] Steins Gate - 1080p - 12.mkv
[2018/08/04 00:22] [Folderizer] File : [DragonMax] Steins Gate - 1080p - 21.mkv
[2018/08/04 00:22] [Folderizer] File : [DragonMax] Steins Gate - 1080p - 20.mkv
[2018/08/04 00:22] [Folderizer] File : [DragonMax] Steins Gate - 1080p - 10.mkv
[2018/08/04 00:22] [Folderizer] File : [DragonMax] Steins Gate - 1080p - 23.mkv
[2018/08/04 00:22] [Folderizer] File : [DragonMax] Steins Gate - 1080p - 07.mkv
[2018/08/04 00:22] [Folderizer] File : [DragonMax] Steins Gate - 1080p - 04v2.mkv
[2018/08/04 00:22] [Folderizer] File : [DragonMax] Steins Gate - 1080p - 19.mkv
[2018/08/04 00:22] [Folderizer] File : a.la.poursuite.de.demain.truefrench.720p.x264.AC3-LeLeX.mkv
[2018/08/04 00:22] [Folderizer] File : Alexandre Astier - L'Exoconférence (2015) [1080i] FRENCH BluRay x264-GDXFD.mkv
[2018/08/04 00:22] [Folderizer] File : Spy.2015.EXTENDED.FRENCH.BDRip.XviD-GLUPS.avi
[2018/08/04 00:22] [Folderizer] File : Solace.2015.FRENCH.BRRip.x264.AC3-KiKi.mkv
[2018/08/04 00:22] [Folderizer] File : Suicide.Squad.2016.FRENCH.EXTENDED.BDRip.XviD-AM84.avi
[2018/08/04 00:22] [Folderizer] File : Percy Jackson - La mer des monstres (2013).avi
[2018/08/04 00:22] [Folderizer] File : Le Tout Nouveau Testament (2015) VF 1080p - x264 AAC 5.1 - CCATS.mp4
[2018/08/04 00:22] [Folderizer] File : Ex Machina 2015 TRUEFRENCH 1080p BluRay x264 AC3 5.1 MAxX.mkv
[2018/08/04 00:22] [Folderizer] File : Avengers Age of Ultron 2015 MULTi VFF (DTS-AC3) 1080p HDLight x264.GHT.mkv
[2018/08/04 00:22] [Folderizer] File : Pixels.2015.1080p.Truefrench.DTS.H264~Xantar.mkv
[2018/08/04 00:22] [Folderizer] File : Pattaya 2016 French AAC 720p HDLight x264.GHT.mkv
[2018/08/04 00:22] [Folderizer] File : Amis.Publics.2016.FRENCH.1080p.BluRay.x264-LOST.mkv
[2018/08/04 00:22] [Folderizer] File : Anges.et.Demons.2009.MULTI.VFF.Blu-Ray.1080.x265.HEVC.DTS-STARLIGHTER.mkv
[2018/08/04 00:22] [Folderizer] File : Camp X-Ray 2014 Truefrench BDrip x264-Les Bidochons.mkv
[2018/08/04 00:22] [Folderizer] File : The Island 2005 Blu-ray 1080p x264 DTS 5.1-HighCode.mkv
[2018/08/04 00:22] [Folderizer] File : xtra-The Making of The Island (ENG, FRE, SPA subs).mkv
[2018/08/04 00:22] [Folderizer] File : xtra-The Future in Action (ENG FRE SPA subs).mkv
[2018/08/04 00:22] [Folderizer] File : Chappie 1080p TrueFrench DTS-HDMA H265.HEVC.8bits-BlacknisHD.mkv
[2018/08/04 00:22] [Folderizer] File : Le.Voyage.D.Arlo.2015.MULTI.1080p.BluRay.x264-AMNESIA.mkv
[2018/08/04 00:22] [Folderizer] File : La.5eme.Vague.MULTI.VFF.BluRay.1080.x265.HEVC.DTS-HDMA-STARLIGHTER.mkv
[2018/08/04 00:22] [Folderizer] File : sin.city.a.dame.to.kill.for.2014.multi.truefrench.1080p.bluray.x264-goatlove.mkv
[2018/08/04 00:22] [Folderizer] File : Cthulhu.2007.dvdrip.xvid.fragment trad MpEbUtCh3r.mkv
[2018/08/04 00:22] [Folderizer] File : Air.2015.MULTi.1080p.BluRay.x264-VENUE.mkv
[2018/08/04 00:22] [Folderizer] File : Spy.2015.UNRATED.FRENCH.BDRip.x264-VENUE.mkv
[2018/08/04 00:22] [Folderizer] File : Minions.2015.Multi.Truefrench.1080p.Bluray.x264-BDHD.mkv
[2018/08/04 00:22] [Folderizer] File : Divergente 3 2016 MULTi VFF AC3 1080p HDLight x264.GHT (Allegiant).mkv
[2018/08/04 00:22] [Folderizer] File : Divergente 3 2016 BONUS Combat dans le Bullfrog VOST AC3 1080p HDLight x264.GHT.mkv
[2018/08/04 00:22] [Folderizer] File : Cymbeline 2014 - 1080p FR EN x264 ac3 mHDgz.mkv
[2018/08/04 00:22] [Folderizer] File : Le fabuleux destin d'Amélie Poulain 1080p.mkv
[2018/08/04 00:22] [Folderizer] File : Zootopia (2016) MULTi VF2 [1080p] BluRay x264-PopHD.mkv
[2018/08/04 00:22] [Folderizer] File : Zootopia - Zoology - The Roundtables-behindthescenes.mkv
[2018/08/04 00:22] [Folderizer] File : Warcraft 2016 MULTi VFF AC3-DTS 1080p HDLight x264.GHT.mkv
[2018/08/04 00:22] [Folderizer] File : Les.Profs.2.2015.FRENCH.BDRip.XviD-ViVi.avi
[2018/08/04 00:22] [Folderizer] File : Kung.Fu.Panda.3.2016.MULTi.1080p.BluRay.x264-VENUE.mkv
[2018/08/04 00:22] [Folderizer] File : Kingsman.Uncensored.2015.1080p.Multi.BluRay.x265.DTS-HDMA.7.1-IMPERIUM.mkv
[2018/08/04 00:22] [Folderizer] File : Le.Prestige.1080P.BlurayRip.x264.5.1.Multi.BigF.mkv
[2018/08/04 00:22] [Folderizer] File : Bitva.Za.Sevastopol.2015 (MP3).avi
[2018/08/04 00:22] [Folderizer] File : Mission.Impossible.Rogue.Nation.2015.TRUEFRENCH.DVDRip.Xvid-LuNe.avi
[2018/08/04 00:22] [Folderizer] File : Connasse.Princesse.Des.Coeurs.2015.FRENCH.720p.MHD.AC3.x264-ROMKENT.mkv
[2018/08/04 00:22] [Folderizer] File : Tout.Schuss.2015.FRENCH.1080p.WEB-DL.x264-Slay3R.mkv
[2018/08/04 00:22] [Folderizer] File : Dante's Inferno_1080p.mkv
[2018/08/04 00:22] [Folderizer] File : Infini.2015.LiMiTED.FRENCH.BRRip.XviD-SVR.avi
[2018/08/04 00:22] [Folderizer] File : Barely Lethal 2015 TrueFrench 1080p HDLight x264.GHT (Secret Agency).mkv
[2018/08/04 00:22] [Folderizer] File : Mr.Nobody.FRENCH.DVDRip.XViD-DVDFR.avi
[2018/08/04 00:22] [Folderizer] File : Les.Nouvelles.Aventures.D.Aladin.2015.FRENCH.BDRip.XVID.AC3-EVE.avi
[2018/08/04 00:22] [Folderizer] File : Dans_les_forets_de_Sibérie_2016_DVDRIP_FR.mkv
[2018/08/04 00:22] [Folderizer] File : Night.Moves.2013.avi
[2018/08/04 00:22] [Folderizer] File : The.Space.Between.Us.2017.FRENCH.BDRip.x264.mkv
[2018/08/04 00:22] [Folderizer] File : Blackhat 2015 VFF 1080p BluRay DTS HEVC-HD2.mkv
[2018/08/04 00:22] [Folderizer] File : Bullet 2014 - 1080p VFF EN x264 ac3 mHDgz.mkv
[2018/08/04 00:22] [Folderizer] File : Dragon.Inside.Me.2015.FRENCH.1080p.BLURAY.Light.x264.AC3.ACOOL.mkv
[2018/08/04 00:22] [Folderizer] File : Hunger.Games.La.Re´volte.(The.Hunger.Games.Mockingjay.Part.1).2014.MULTI.1080p.BluRay.x264-itamma.mkv
[2018/08/04 00:22] [Folderizer] File : La La Land (2016) MULTi VF2 [1080p] BluRay x264-PopHD.mkv
[2018/08/04 00:22] [Folderizer] File : The.Hollow.Point.2016.FRENCH.BDRip.XviD-STVFRV.avi
[2018/08/04 00:22] [Folderizer] File : Get Out (2017) MULTi VFQ [1080p] BluRay x264-PopHD.mkv
[2018/08/04 00:22] [Folderizer] File : Miss.Peregrines.Home.for.Peculiar.Children.2016.FRENCH.1080p.BluRay.x264-SVR.mkv
[2018/08/04 00:22] [Folderizer] File : Thomas.est.Amoureux.2000.Pierre-Paul Renders.avi
[2018/08/04 00:22] [Folderizer] File : Papa.ou.Maman.2015.FRENCH.DVDRip.XviD.avi
[2018/08/04 00:22] [Folderizer] File : Big Hero 6 (2014) [1080p] MULTi BluRay x264-PopHD.mkv
[2018/08/04 00:22] [Folderizer] File : Dark.Web.2016.TRUEFRENCH.DVDRip.XviD-UTT.avi
[2018/08/04 00:22] [Folderizer] File : Leviathan.2014TRUEFRENCH.DVDRiP.XviD.avi
[2018/08/04 00:22] [Folderizer] File : War games.1983.Bluray.1080p.x265.HEVC.VFF-AAC.num@.mkv
[2018/08/04 00:22] [Folderizer] File : Extinction.2015.FRENCH.BDRip.XVID.AC3.avi
[2018/08/04 00:22] [Folderizer] File : [ www.CpasBien.cm ] Deadpool.2016.MULTi.1080p.BluRay.x264-VENUE.mkv
[2018/08/04 00:22] [Folderizer] File : Underworld Blood Wars 2016 MULTi VFF AC3 1080p HDLight x264.GHT.mkv
[2018/08/04 00:22] [Folderizer] File : Judge.Dredd.1995.FRENCH.720p.BluRay.x264-LOST.mkv
[2018/08/04 00:22] [Folderizer] File : Artus.Saignant.A.Point.avi
[2018/08/04 00:22] [Folderizer] File : Brice.3.2016.FRENCH.BDRip.x264.mkv.mkv
[2018/08/04 00:22] [Folderizer] File : xXx.Return.of.Xander.Cage.2017.FRENCH.BDRip.x264.mkv
[2018/08/04 00:22] [Folderizer] File : Extinction.2015.MULTi.1080p.BluRay.x264-AiRLiNE.mkv
[2018/08/04 00:22] [Folderizer] File : 2047.The.Final.War.2014.FRENCH.BDRiP.XViD.GIANTMAX.avi
[2018/08/04 00:22] [Folderizer] File : [ Torrent9.tv ] Guardians.of.the.Galaxy.Vol.2.2017.MULTi.1080p.BluRay.x264-VENUE.mkv
[2018/08/04 00:22] [Folderizer] File : Ballerina.2016.FRENCH.720p.BluRay.DTS.x264-LOST.mkv
[2018/08/04 00:22] [Folderizer] File : Passengers (2016) MULTi [1080p] BluRay x264-PopHD.mkv
[2018/08/04 00:22] [Folderizer] File : The.Last.Lovecraft-The Relic of Cthulhu VOSTFR MpEbUtCh3r.mkv
[2018/08/04 00:22] [Folderizer] File : Vengeance.A.Love.Story.2017.FRENCH.BDRip.x264.mkv
[2018/08/04 00:22] [Folderizer] File : A.Monster.Calls.2016.Truefrench.1080p.HDLight.DTS.H264-Xantar.mkv
[2018/08/04 00:22] [Folderizer] File : Sicario (2015) MULTi (VFF-VO-VFQ) [1080p] BluRay x264-PopHD.mkv
[2018/08/04 00:22] [Folderizer] File : [ www.CpasBien.cm ] Now.You.See.Me.2.2016.MULTi.1080p.BluRay.x264-LOST.mkv
[2018/08/04 00:22] [Folderizer] File : TheScribbler.2014.FRENCH.BDRip.mkv
[2018/08/04 00:22] [Folderizer] File : Twelve Monkeys [1080p] MULTi 1995 BluRay x264-Pop (L'armée Des 12 Singes) .mkv
[2018/08/04 00:22] [Folderizer] File : Cloudy With A Chance Of Meatballs 2 (2013) HDRiP [1080p] [VFF-VOSTFR] HEVC AAC Snorlax.mkv
[2018/08/04 00:22] [Folderizer] File : Another.World.2015.FRENCH.HDRip.XviD-FiCTiON.avi
[2018/08/04 00:22] [Folderizer] File : Raid.Dingue.2016.FRENCH.720p.HDLight.x264.AC3-ch0pin.mkv
[2018/08/04 00:22] [Folderizer] File : [ Torrent9.info ] Alibi.com.2017.FRENCH.720p.BluRay.x264-LOST.mkv
[2018/08/04 00:22] [Folderizer] File : The.Revenant.2015.MULTI.VFF.BluRay.1080.x265.HEVC.DTS-HDMA-STARLIGHTER.mkv
[2018/08/04 00:22] [Folderizer] File : Blood Father 2016 Truefrench 720p x264 AAC PIXEL.mp4
[2018/08/04 00:22] [Folderizer] END Folderizer path : \\NASMATG\Raid\Films
[2018/08/04 00:24] [Folderizer] START Folderizer path : \\NASMATG\Raid\Films
[2018/08/04 00:24] [Folderizer] END Folderizer path : \\NASMATG\Raid\Films
[2018/08/04 00:25] [Folderizer] START Folderizer path : \\NASMATG\Raid\Films
[2018/08/04 00:25] [Folderizer] END Folderizer path : \\NASMATG\Raid\Films
[2018/08/04 00:25] [Folderizer] START Folderizer path : \\NASMATG\Raid\Films
[2018/08/04 00:26] [Folderizer] File : Dans_les_forets_de_Sibérie_2016_DVDRIP_FR.mkv
[2018/08/04 00:26] [Folderizer] File : The.Space.Between.Us.2017.FRENCH.BDRip.x264.mkv
[2018/08/04 00:26] [Folderizer] File : Blackhat 2015 VFF 1080p BluRay DTS HEVC-HD2.mkv
[2018/08/04 00:26] [Folderizer] File : Bullet 2014 - 1080p VFF EN x264 ac3 mHDgz.mkv
[2018/08/04 00:26] [Folderizer] File : Dragon.Inside.Me.2015.FRENCH.1080p.BLURAY.Light.x264.AC3.ACOOL.mkv
[2018/08/04 00:26] [Folderizer] File : Hunger.Games.La.Re´volte.(The.Hunger.Games.Mockingjay.Part.1).2014.MULTI.1080p.BluRay.x264-itamma.mkv
[2018/08/04 00:26] [Folderizer] File : La La Land (2016) MULTi VF2 [1080p] BluRay x264-PopHD.mkv
[2018/08/04 00:26] [Folderizer] File : Get Out (2017) MULTi VFQ [1080p] BluRay x264-PopHD.mkv
[2018/08/04 00:26] [Folderizer] File : Miss.Peregrines.Home.for.Peculiar.Children.2016.FRENCH.1080p.BluRay.x264-SVR.mkv
[2018/08/04 00:26] [Folderizer] File : Big Hero 6 (2014) [1080p] MULTi BluRay x264-PopHD.mkv
[2018/08/04 00:26] [Folderizer] File : War games.1983.Bluray.1080p.x265.HEVC.VFF-AAC.num@.mkv
[2018/08/04 00:26] [Folderizer] File : [ www.CpasBien.cm ] Deadpool.2016.MULTi.1080p.BluRay.x264-VENUE.mkv
[2018/08/04 00:26] [Folderizer] File : Underworld Blood Wars 2016 MULTi VFF AC3 1080p HDLight x264.GHT.mkv
[2018/08/04 00:26] [Folderizer] File : Judge.Dredd.1995.FRENCH.720p.BluRay.x264-LOST.mkv
[2018/08/04 00:26] [Folderizer] File : Brice.3.2016.FRENCH.BDRip.x264.mkv.mkv
[2018/08/04 00:26] [Folderizer] File : xXx.Return.of.Xander.Cage.2017.FRENCH.BDRip.x264.mkv
[2018/08/04 00:26] [Folderizer] File : Extinction.2015.MULTi.1080p.BluRay.x264-AiRLiNE.mkv
[2018/08/04 00:26] [Folderizer] File : [ Torrent9.tv ] Guardians.of.the.Galaxy.Vol.2.2017.MULTi.1080p.BluRay.x264-VENUE.mkv
[2018/08/04 00:26] [Folderizer] File : Ballerina.2016.FRENCH.720p.BluRay.DTS.x264-LOST.mkv
[2018/08/04 00:26] [Folderizer] File : Passengers (2016) MULTi [1080p] BluRay x264-PopHD.mkv
[2018/08/04 00:26] [Folderizer] File : The.Last.Lovecraft-The Relic of Cthulhu VOSTFR MpEbUtCh3r.mkv
[2018/08/04 00:26] [Folderizer] File : Vengeance.A.Love.Story.2017.FRENCH.BDRip.x264.mkv
[2018/08/04 00:26] [Folderizer] File : A.Monster.Calls.2016.Truefrench.1080p.HDLight.DTS.H264-Xantar.mkv
[2018/08/04 00:26] [Folderizer] File : Sicario (2015) MULTi (VFF-VO-VFQ) [1080p] BluRay x264-PopHD.mkv
[2018/08/04 00:26] [Folderizer] File : [ www.CpasBien.cm ] Now.You.See.Me.2.2016.MULTi.1080p.BluRay.x264-LOST.mkv
[2018/08/04 00:26] [Folderizer] File : TheScribbler.2014.FRENCH.BDRip.mkv
[2018/08/04 00:26] [Folderizer] File : Twelve Monkeys [1080p] MULTi 1995 BluRay x264-Pop (L'armée Des 12 Singes) .mkv
[2018/08/04 00:26] [Folderizer] File : Cloudy With A Chance Of Meatballs 2 (2013) HDRiP [1080p] [VFF-VOSTFR] HEVC AAC Snorlax.mkv
[2018/08/04 00:26] [Folderizer] File : Raid.Dingue.2016.FRENCH.720p.HDLight.x264.AC3-ch0pin.mkv
[2018/08/04 00:26] [Folderizer] File : [ Torrent9.info ] Alibi.com.2017.FRENCH.720p.BluRay.x264-LOST.mkv
[2018/08/04 00:26] [Folderizer] File : The.Revenant.2015.MULTI.VFF.BluRay.1080.x265.HEVC.DTS-HDMA-STARLIGHTER.mkv
[2018/08/04 00:26] [Folderizer] END Folderizer path : \\NASMATG\Raid\Films
[2018/08/04 00:28] [Folderizer] START Folderizer path : \\NASMATG\Raid\Films
[2018/08/04 00:28] [Folderizer] File : Dans_les_forets_de_Sibérie_2016_DVDRIP_FR.mkv
[2018/08/04 00:28] [Folderizer] File : The.Space.Between.Us.2017.FRENCH.BDRip.x264.MKV
[2018/08/04 00:28] [Folderizer] File : Blackhat 2015 VFF 1080p BluRay DTS HEVC-HD2.mkv
[2018/08/04 00:28] [Folderizer] File : Bullet 2014 - 1080p VFF EN x264 ac3 mHDgz.mkv
[2018/08/04 00:28] [Folderizer] File : Dragon.Inside.Me.2015.FRENCH.1080p.BLURAY.Light.x264.AC3.ACOOL.mkv
[2018/08/04 00:28] [Folderizer] File : Hunger.Games.La.Re´volte.(The.Hunger.Games.Mockingjay.Part.1).2014.MULTI.1080p.BluRay.x264-itamma.mkv
[2018/08/04 00:28] [Folderizer] File : La La Land (2016) MULTi VF2 [1080p] BluRay x264-PopHD.mkv
[2018/08/04 00:28] [Folderizer] File : Get Out (2017) MULTi VFQ [1080p] BluRay x264-PopHD.mkv
[2018/08/04 00:28] [Folderizer] File : Miss.Peregrines.Home.for.Peculiar.Children.2016.FRENCH.1080p.BluRay.x264-SVR.mkv
[2018/08/04 00:28] [Folderizer] File : Big Hero 6 (2014) [1080p] MULTi BluRay x264-PopHD.mkv
[2018/08/04 00:28] [Folderizer] File : War games.1983.Bluray.1080p.x265.HEVC.VFF-AAC.num@.mkv
[2018/08/04 00:28] [Folderizer] File : [ www.CpasBien.cm ] Deadpool.2016.MULTi.1080p.BluRay.x264-VENUE.mkv
[2018/08/04 00:28] [Folderizer] File : Underworld Blood Wars 2016 MULTi VFF AC3 1080p HDLight x264.GHT.mkv
[2018/08/04 00:28] [Folderizer] File : Judge.Dredd.1995.FRENCH.720p.BluRay.x264-LOST.mkv
[2018/08/04 00:28] [Folderizer] File : Brice.3.2016.FRENCH.BDRip.x264.mkv.mkv
[2018/08/04 00:28] [Folderizer] File : xXx.Return.of.Xander.Cage.2017.FRENCH.BDRip.x264.mkv
[2018/08/04 00:28] [Folderizer] File : Extinction.2015.MULTi.1080p.BluRay.x264-AiRLiNE.mkv
[2018/08/04 00:28] [Folderizer] File : [ Torrent9.tv ] Guardians.of.the.Galaxy.Vol.2.2017.MULTi.1080p.BluRay.x264-VENUE.mkv
[2018/08/04 00:28] [Folderizer] File : Ballerina.2016.FRENCH.720p.BluRay.DTS.x264-LOST.mkv
[2018/08/04 00:28] [Folderizer] File : Passengers (2016) MULTi [1080p] BluRay x264-PopHD.mkv
[2018/08/04 00:28] [Folderizer] File : The.Last.Lovecraft-The Relic of Cthulhu VOSTFR MpEbUtCh3r.mkv
[2018/08/04 00:28] [Folderizer] File : Vengeance.A.Love.Story.2017.FRENCH.BDRip.x264.mkv
[2018/08/04 00:28] [Folderizer] File : A.Monster.Calls.2016.Truefrench.1080p.HDLight.DTS.H264-Xantar.mkv
[2018/08/04 00:28] [Folderizer] File : Sicario (2015) MULTi (VFF-VO-VFQ) [1080p] BluRay x264-PopHD.mkv
[2018/08/04 00:28] [Folderizer] File : [ www.CpasBien.cm ] Now.You.See.Me.2.2016.MULTi.1080p.BluRay.x264-LOST.mkv
[2018/08/04 00:28] [Folderizer] File : TheScribbler.2014.FRENCH.BDRip.mkv
[2018/08/04 00:28] [Folderizer] File : Twelve Monkeys [1080p] MULTi 1995 BluRay x264-Pop (L'armée Des 12 Singes) .mkv
[2018/08/04 00:28] [Folderizer] File : Cloudy With A Chance Of Meatballs 2 (2013) HDRiP [1080p] [VFF-VOSTFR] HEVC AAC Snorlax.mkv
[2018/08/04 00:28] [Folderizer] File : Raid.Dingue.2016.FRENCH.720p.HDLight.x264.AC3-ch0pin.mkv
[2018/08/04 00:28] [Folderizer] File : [ Torrent9.info ] Alibi.com.2017.FRENCH.720p.BluRay.x264-LOST.mkv
[2018/08/04 00:28] [Folderizer] File : The.Revenant.2015.MULTI.VFF.BluRay.1080.x265.HEVC.DTS-HDMA-STARLIGHTER.mkv
[2018/08/04 00:28] [Folderizer] END Folderizer path : \\NASMATG\Raid\Films
[2018/08/04 00:28] [Folderizer] START Folderizer path : \\NASMATG\Raid\Films
[2018/08/04 00:28] [Folderizer] File : Night.Moves.2013.avi
[2018/08/04 00:28] [Folderizer] File : The.Hollow.Point.2016.FRENCH.BDRip.XviD-STVFRV.avi
[2018/08/04 00:28] [Folderizer] File : Thomas.est.Amoureux.2000.Pierre-Paul Renders.avi
[2018/08/04 00:28] [Folderizer] File : Papa.ou.Maman.2015.FRENCH.DVDRip.XviD.avi
[2018/08/04 00:28] [Folderizer] File : Dark.Web.2016.TRUEFRENCH.DVDRip.XviD-UTT.avi
[2018/08/04 00:28] [Folderizer] File : Leviathan.2014TRUEFRENCH.DVDRiP.XviD.avi
[2018/08/04 00:28] [Folderizer] File : Extinction.2015.FRENCH.BDRip.XVID.AC3.avi
[2018/08/04 00:28] [Folderizer] File : Artus.Saignant.A.Point.avi
[2018/08/04 00:28] [Folderizer] File : 2047.The.Final.War.2014.FRENCH.BDRiP.XViD.GIANTMAX.avi
[2018/08/04 00:28] [Folderizer] File : Another.World.2015.FRENCH.HDRip.XviD-FiCTiON.avi
[2018/08/04 00:28] [Folderizer] END Folderizer path : \\NASMATG\Raid\Films
[2018/08/04 00:28] [Folderizer] START Folderizer path : \\NASMATG\Raid\Films
[2018/08/04 00:28] [Folderizer] END Folderizer path : \\NASMATG\Raid\Films
[2018/08/04 00:28] [Folderizer] START Folderizer path : \\NASMATG\Raid\Films
[2018/08/04 00:28] [Folderizer] END Folderizer path : \\NASMATG\Raid\Films
[2018/08/04 00:28] [Folderizer] START Folderizer path : \\NASMATG\Raid\Films
[2018/08/04 00:28] [Folderizer] File : Blood Father 2016 Truefrench 720p x264 AAC PIXEL.mp4
[2018/08/04 00:28] [Folderizer] END Folderizer path : \\NASMATG\Raid\Films
[2018/08/04 00:30] [Folderizer] START Folderizer path : \\NASMATG\Raid\Films
[2018/08/04 00:30] [Folderizer] File : Dans_les_forets_de_Sibérie_2016_DVDRIP_FR.mkv
[2018/08/04 00:30] [Folderizer] New-Item : Dans_les_forets_de_Sibérie_2016_DVDRIP_FR
[2018/08/04 00:30] [Folderizer] New-Item : Dans_les_forets_de_Sibérie_2016_DVDRIP_FR
[2018/08/04 00:31] [Folderizer] START Folderizer path : \\NASMATG\Raid\Films
[2018/08/04 00:31] [Folderizer] File : Dans_les_forets_de_Sibérie_2016_DVDRIP_FR.mkv
[2018/08/04 00:31] [Folderizer] New-Item : Dans_les_forets_de_Sibérie_2016_DVDRIP_FR
[2018/08/04 00:37] [Folderizer] START Folderizer path : \\NASMATG\Raid\Films
[2018/08/04 00:37] [Folderizer] File : Dans_les_forets_de_Sibérie_2016_DVDRIP_FR.mkv
[2018/08/04 00:37] [Folderizer] New-Item : Dans_les_forets_de_Sibérie_2016_DVDRIP_FR
[2018/08/04 00:37] [Folderizer] New-Item : Dans_les_forets_de_Sibérie_2016_DVDRIP_FR
[2018/08/04 00:39] [Folderizer] START Folderizer path : \\NASMATG\Raid\Films
[2018/08/04 00:39] [Folderizer] File : Dans_les_forets_de_Sibérie_2016_DVDRIP_FR.mkv
[2018/08/04 00:39] [Folderizer] New Folder : Dans_les_forets_de_Sibérie_2016_DVDRIP_FR
[2018/08/04 00:39] [Folderizer] move item to : \\NASMATG\Raid\Films\Dans_les_forets_de_Sibérie_2016_DVDRIP_FR
[2018/08/04 00:40] [Folderizer] START Folderizer path : \\NASMATG\Raid\Films
[2018/08/04 00:40] [Folderizer] START Folderizer path : \\NASMATG\Raid\Films
[2018/08/04 00:40] [Folderizer] File : Dans_les_forets_de_Sibérie_2016_DVDRIP_FR.mkv
[2018/08/04 00:40] [Folderizer] New Folder : Dans_les_forets_de_Sibérie_2016_DVDRIP_FR
[2018/08/04 00:40] [Folderizer] move item to : \\NASMATG\Raid\Films\Dans_les_forets_de_Sibérie_2016_DVDRIP_FR
[2018/08/04 00:41] [Folderizer] File : The.Space.Between.Us.2017.FRENCH.BDRip.x264.MKV
[2018/08/04 00:41] [Folderizer] New Folder : The.Space.Between.Us.2017.FRENCH.BDRip.x264
[2018/08/04 00:41] [Folderizer] move item to : \\NASMATG\Raid\Films\The.Space.Between.Us.2017.FRENCH.BDRip.x264
[2018/08/04 00:41] [Folderizer] File : Blackhat 2015 VFF 1080p BluRay DTS HEVC-HD2.mkv
[2018/08/04 00:41] [Folderizer] New Folder : Blackhat 2015 VFF 1080p BluRay DTS HEVC-HD2
[2018/08/04 00:41] [Folderizer] move item to : \\NASMATG\Raid\Films\Blackhat 2015 VFF 1080p BluRay DTS HEVC-HD2
[2018/08/04 00:41] [Folderizer] File : Bullet 2014 - 1080p VFF EN x264 ac3 mHDgz.mkv
[2018/08/04 00:41] [Folderizer] New Folder : Bullet 2014 - 1080p VFF EN x264 ac3 mHDgz
[2018/08/04 00:41] [Folderizer] move item to : \\NASMATG\Raid\Films\Bullet 2014 - 1080p VFF EN x264 ac3 mHDgz
[2018/08/04 00:41] [Folderizer] File : Dragon.Inside.Me.2015.FRENCH.1080p.BLURAY.Light.x264.AC3.ACOOL.mkv
[2018/08/04 00:41] [Folderizer] New Folder : Dragon.Inside.Me.2015.FRENCH.1080p.BLURAY.Light.x264.AC3.ACOOL
[2018/08/04 00:41] [Folderizer] move item to : \\NASMATG\Raid\Films\Dragon.Inside.Me.2015.FRENCH.1080p.BLURAY.Light.x264.AC3.ACOOL
[2018/08/04 00:41] [Folderizer] File : Hunger.Games.La.Re´volte.(The.Hunger.Games.Mockingjay.Part.1).2014.MULTI.1080p.BluRay.x264-itamma.mkv
[2018/08/04 00:41] [Folderizer] New Folder : Hunger.Games.La.Re´volte.(The.Hunger.Games.Mockingjay.Part.1).2014.MULTI.1080p.BluRay.x264-itamma
[2018/08/04 00:41] [Folderizer] move item to : \\NASMATG\Raid\Films\Hunger.Games.La.Re´volte.(The.Hunger.Games.Mockingjay.Part.1).2014.MULTI.1080p.BluRay.x264-itamma
[2018/08/04 00:41] [Folderizer] File : La La Land (2016) MULTi VF2 [1080p] BluRay x264-PopHD.mkv
[2018/08/04 00:41] [Folderizer] New Folder : La La Land (2016) MULTi VF2 [1080p] BluRay x264-PopHD
[2018/08/04 00:41] [Folderizer] move item to : \\NASMATG\Raid\Films\La La Land (2016) MULTi VF2 [1080p] BluRay x264-PopHD
[2018/08/04 00:41] [Folderizer] File : Get Out (2017) MULTi VFQ [1080p] BluRay x264-PopHD.mkv
[2018/08/04 00:41] [Folderizer] New Folder : Get Out (2017) MULTi VFQ [1080p] BluRay x264-PopHD
[2018/08/04 00:41] [Folderizer] move item to : \\NASMATG\Raid\Films\Get Out (2017) MULTi VFQ [1080p] BluRay x264-PopHD
[2018/08/04 00:41] [Folderizer] File : Miss.Peregrines.Home.for.Peculiar.Children.2016.FRENCH.1080p.BluRay.x264-SVR.mkv
[2018/08/04 00:41] [Folderizer] New Folder : Miss.Peregrines.Home.for.Peculiar.Children.2016.FRENCH.1080p.BluRay.x264-SVR
[2018/08/04 00:41] [Folderizer] move item to : \\NASMATG\Raid\Films\Miss.Peregrines.Home.for.Peculiar.Children.2016.FRENCH.1080p.BluRay.x264-SVR
[2018/08/04 00:41] [Folderizer] File : Big Hero 6 (2014) [1080p] MULTi BluRay x264-PopHD.mkv
[2018/08/04 00:41] [Folderizer] New Folder : Big Hero 6 (2014) [1080p] MULTi BluRay x264-PopHD
[2018/08/04 00:41] [Folderizer] move item to : \\NASMATG\Raid\Films\Big Hero 6 (2014) [1080p] MULTi BluRay x264-PopHD
[2018/08/04 00:41] [Folderizer] File : War games.1983.Bluray.1080p.x265.HEVC.VFF-AAC.num@.mkv
[2018/08/04 00:41] [Folderizer] New Folder : War games.1983.Bluray.1080p.x265.HEVC.VFF-AAC.num@
[2018/08/04 00:41] [Folderizer] move item to : \\NASMATG\Raid\Films\War games.1983.Bluray.1080p.x265.HEVC.VFF-AAC.num@
[2018/08/04 00:41] [Folderizer] File : [ www.CpasBien.cm ] Deadpool.2016.MULTi.1080p.BluRay.x264-VENUE.mkv
[2018/08/04 00:41] [Folderizer] New Folder : [ www.CpasBien.cm ] Deadpool.2016.MULTi.1080p.BluRay.x264-VENUE
[2018/08/04 00:41] [Folderizer] move item to : \\NASMATG\Raid\Films\[ www.CpasBien.cm ] Deadpool.2016.MULTi.1080p.BluRay.x264-VENUE
[2018/08/04 00:41] [Folderizer] File : Underworld Blood Wars 2016 MULTi VFF AC3 1080p HDLight x264.GHT.mkv
[2018/08/04 00:41] [Folderizer] New Folder : Underworld Blood Wars 2016 MULTi VFF AC3 1080p HDLight x264.GHT
[2018/08/04 00:41] [Folderizer] move item to : \\NASMATG\Raid\Films\Underworld Blood Wars 2016 MULTi VFF AC3 1080p HDLight x264.GHT
[2018/08/04 00:41] [Folderizer] File : Judge.Dredd.1995.FRENCH.720p.BluRay.x264-LOST.mkv
[2018/08/04 00:41] [Folderizer] New Folder : Judge.Dredd.1995.FRENCH.720p.BluRay.x264-LOST
[2018/08/04 00:41] [Folderizer] move item to : \\NASMATG\Raid\Films\Judge.Dredd.1995.FRENCH.720p.BluRay.x264-LOST
[2018/08/04 00:41] [Folderizer] File : Brice.3.2016.FRENCH.BDRip.x264.mkv.mkv
[2018/08/04 00:41] [Folderizer] New Folder : Brice.3.2016.FRENCH.BDRip.x264.mkv
[2018/08/04 00:41] [Folderizer] move item to : \\NASMATG\Raid\Films\Brice.3.2016.FRENCH.BDRip.x264.mkv
[2018/08/04 00:41] [Folderizer] File : xXx.Return.of.Xander.Cage.2017.FRENCH.BDRip.x264.mkv
[2018/08/04 00:41] [Folderizer] New Folder : xXx.Return.of.Xander.Cage.2017.FRENCH.BDRip.x264
[2018/08/04 00:41] [Folderizer] move item to : \\NASMATG\Raid\Films\xXx.Return.of.Xander.Cage.2017.FRENCH.BDRip.x264
[2018/08/04 00:41] [Folderizer] File : Extinction.2015.MULTi.1080p.BluRay.x264-AiRLiNE.mkv
[2018/08/04 00:41] [Folderizer] New Folder : Extinction.2015.MULTi.1080p.BluRay.x264-AiRLiNE
[2018/08/04 00:41] [Folderizer] move item to : \\NASMATG\Raid\Films\Extinction.2015.MULTi.1080p.BluRay.x264-AiRLiNE
[2018/08/04 00:41] [Folderizer] File : [ Torrent9.tv ] Guardians.of.the.Galaxy.Vol.2.2017.MULTi.1080p.BluRay.x264-VENUE.mkv
[2018/08/04 00:41] [Folderizer] New Folder : [ Torrent9.tv ] Guardians.of.the.Galaxy.Vol.2.2017.MULTi.1080p.BluRay.x264-VENUE
[2018/08/04 00:41] [Folderizer] move item to : \\NASMATG\Raid\Films\[ Torrent9.tv ] Guardians.of.the.Galaxy.Vol.2.2017.MULTi.1080p.BluRay.x264-VENUE
[2018/08/04 00:41] [Folderizer] File : Ballerina.2016.FRENCH.720p.BluRay.DTS.x264-LOST.mkv
[2018/08/04 00:41] [Folderizer] New Folder : Ballerina.2016.FRENCH.720p.BluRay.DTS.x264-LOST
[2018/08/04 00:41] [Folderizer] move item to : \\NASMATG\Raid\Films\Ballerina.2016.FRENCH.720p.BluRay.DTS.x264-LOST
[2018/08/04 00:41] [Folderizer] File : Passengers (2016) MULTi [1080p] BluRay x264-PopHD.mkv
[2018/08/04 00:41] [Folderizer] New Folder : Passengers (2016) MULTi [1080p] BluRay x264-PopHD
[2018/08/04 00:41] [Folderizer] move item to : \\NASMATG\Raid\Films\Passengers (2016) MULTi [1080p] BluRay x264-PopHD
[2018/08/04 00:41] [Folderizer] File : The.Last.Lovecraft-The Relic of Cthulhu VOSTFR MpEbUtCh3r.mkv
[2018/08/04 00:41] [Folderizer] New Folder : The.Last.Lovecraft-The Relic of Cthulhu VOSTFR MpEbUtCh3r
[2018/08/04 00:41] [Folderizer] move item to : \\NASMATG\Raid\Films\The.Last.Lovecraft-The Relic of Cthulhu VOSTFR MpEbUtCh3r
[2018/08/04 00:41] [Folderizer] File : Vengeance.A.Love.Story.2017.FRENCH.BDRip.x264.mkv
[2018/08/04 00:41] [Folderizer] New Folder : Vengeance.A.Love.Story.2017.FRENCH.BDRip.x264
[2018/08/04 00:41] [Folderizer] move item to : \\NASMATG\Raid\Films\Vengeance.A.Love.Story.2017.FRENCH.BDRip.x264
[2018/08/04 00:41] [Folderizer] File : A.Monster.Calls.2016.Truefrench.1080p.HDLight.DTS.H264-Xantar.mkv
[2018/08/04 00:41] [Folderizer] New Folder : A.Monster.Calls.2016.Truefrench.1080p.HDLight.DTS.H264-Xantar
[2018/08/04 00:41] [Folderizer] move item to : \\NASMATG\Raid\Films\A.Monster.Calls.2016.Truefrench.1080p.HDLight.DTS.H264-Xantar
[2018/08/04 00:41] [Folderizer] File : Sicario (2015) MULTi (VFF-VO-VFQ) [1080p] BluRay x264-PopHD.mkv
[2018/08/04 00:41] [Folderizer] New Folder : Sicario (2015) MULTi (VFF-VO-VFQ) [1080p] BluRay x264-PopHD
[2018/08/04 00:41] [Folderizer] move item to : \\NASMATG\Raid\Films\Sicario (2015) MULTi (VFF-VO-VFQ) [1080p] BluRay x264-PopHD
[2018/08/04 00:41] [Folderizer] File : [ www.CpasBien.cm ] Now.You.See.Me.2.2016.MULTi.1080p.BluRay.x264-LOST.mkv
[2018/08/04 00:41] [Folderizer] New Folder : [ www.CpasBien.cm ] Now.You.See.Me.2.2016.MULTi.1080p.BluRay.x264-LOST
[2018/08/04 00:41] [Folderizer] move item to : \\NASMATG\Raid\Films\[ www.CpasBien.cm ] Now.You.See.Me.2.2016.MULTi.1080p.BluRay.x264-LOST
[2018/08/04 00:41] [Folderizer] File : TheScribbler.2014.FRENCH.BDRip.mkv
[2018/08/04 00:41] [Folderizer] New Folder : TheScribbler.2014.FRENCH.BDRip
[2018/08/04 00:41] [Folderizer] move item to : \\NASMATG\Raid\Films\TheScribbler.2014.FRENCH.BDRip
[2018/08/04 00:41] [Folderizer] File : Twelve Monkeys [1080p] MULTi 1995 BluRay x264-Pop (L'armée Des 12 Singes) .mkv
[2018/08/04 00:41] [Folderizer] New Folder : Twelve Monkeys [1080p] MULTi 1995 BluRay x264-Pop (L'armée Des 12 Singes) 
[2018/08/04 00:41] [Folderizer] move item to : \\NASMATG\Raid\Films\Twelve Monkeys [1080p] MULTi 1995 BluRay x264-Pop (L'armée Des 12 Singes) 
[2018/08/04 00:41] [Folderizer] File : Cloudy With A Chance Of Meatballs 2 (2013) HDRiP [1080p] [VFF-VOSTFR] HEVC AAC Snorlax.mkv
[2018/08/04 00:41] [Folderizer] New Folder : Cloudy With A Chance Of Meatballs 2 (2013) HDRiP [1080p] [VFF-VOSTFR] HEVC AAC Snorlax
[2018/08/04 00:41] [Folderizer] move item to : \\NASMATG\Raid\Films\Cloudy With A Chance Of Meatballs 2 (2013) HDRiP [1080p] [VFF-VOSTFR] HEVC AAC Snorlax
[2018/08/04 00:41] [Folderizer] File : Raid.Dingue.2016.FRENCH.720p.HDLight.x264.AC3-ch0pin.mkv
[2018/08/04 00:41] [Folderizer] New Folder : Raid.Dingue.2016.FRENCH.720p.HDLight.x264.AC3-ch0pin
[2018/08/04 00:41] [Folderizer] move item to : \\NASMATG\Raid\Films\Raid.Dingue.2016.FRENCH.720p.HDLight.x264.AC3-ch0pin
[2018/08/04 00:41] [Folderizer] File : [ Torrent9.info ] Alibi.com.2017.FRENCH.720p.BluRay.x264-LOST.mkv
[2018/08/04 00:41] [Folderizer] New Folder : [ Torrent9.info ] Alibi.com.2017.FRENCH.720p.BluRay.x264-LOST
[2018/08/04 00:41] [Folderizer] move item to : \\NASMATG\Raid\Films\[ Torrent9.info ] Alibi.com.2017.FRENCH.720p.BluRay.x264-LOST
[2018/08/04 00:41] [Folderizer] File : The.Revenant.2015.MULTI.VFF.BluRay.1080.x265.HEVC.DTS-HDMA-STARLIGHTER.mkv
[2018/08/04 00:41] [Folderizer] New Folder : The.Revenant.2015.MULTI.VFF.BluRay.1080.x265.HEVC.DTS-HDMA-STARLIGHTER
[2018/08/04 00:41] [Folderizer] move item to : \\NASMATG\Raid\Films\The.Revenant.2015.MULTI.VFF.BluRay.1080.x265.HEVC.DTS-HDMA-STARLIGHTER
[2018/08/04 00:41] [Folderizer] END Folderizer path : \\NASMATG\Raid\Films
[2018/08/04 00:41] [Folderizer] START Folderizer path : \\NASMATG\Raid\Films
[2018/08/04 00:41] [Folderizer] File : Night.Moves.2013.avi
[2018/08/04 00:41] [Folderizer] New Folder : Night.Moves.2013
[2018/08/04 00:41] [Folderizer] move item to : \\NASMATG\Raid\Films\Night.Moves.2013
[2018/08/04 00:41] [Folderizer] File : The.Hollow.Point.2016.FRENCH.BDRip.XviD-STVFRV.avi
[2018/08/04 00:41] [Folderizer] New Folder : The.Hollow.Point.2016.FRENCH.BDRip.XviD-STVFRV
[2018/08/04 00:41] [Folderizer] move item to : \\NASMATG\Raid\Films\The.Hollow.Point.2016.FRENCH.BDRip.XviD-STVFRV
[2018/08/04 00:41] [Folderizer] File : Thomas.est.Amoureux.2000.Pierre-Paul Renders.avi
[2018/08/04 00:41] [Folderizer] New Folder : Thomas.est.Amoureux.2000.Pierre-Paul Renders
[2018/08/04 00:41] [Folderizer] move item to : \\NASMATG\Raid\Films\Thomas.est.Amoureux.2000.Pierre-Paul Renders
[2018/08/04 00:41] [Folderizer] File : Papa.ou.Maman.2015.FRENCH.DVDRip.XviD.avi
[2018/08/04 00:41] [Folderizer] New Folder : Papa.ou.Maman.2015.FRENCH.DVDRip.XviD
[2018/08/04 00:41] [Folderizer] move item to : \\NASMATG\Raid\Films\Papa.ou.Maman.2015.FRENCH.DVDRip.XviD
[2018/08/04 00:41] [Folderizer] File : Dark.Web.2016.TRUEFRENCH.DVDRip.XviD-UTT.avi
[2018/08/04 00:41] [Folderizer] New Folder : Dark.Web.2016.TRUEFRENCH.DVDRip.XviD-UTT
[2018/08/04 00:41] [Folderizer] move item to : \\NASMATG\Raid\Films\Dark.Web.2016.TRUEFRENCH.DVDRip.XviD-UTT
[2018/08/04 00:41] [Folderizer] File : Leviathan.2014TRUEFRENCH.DVDRiP.XviD.avi
[2018/08/04 00:41] [Folderizer] New Folder : Leviathan.2014TRUEFRENCH.DVDRiP.XviD
[2018/08/04 00:41] [Folderizer] move item to : \\NASMATG\Raid\Films\Leviathan.2014TRUEFRENCH.DVDRiP.XviD
[2018/08/04 00:41] [Folderizer] File : Extinction.2015.FRENCH.BDRip.XVID.AC3.avi
[2018/08/04 00:41] [Folderizer] New Folder : Extinction.2015.FRENCH.BDRip.XVID.AC3
[2018/08/04 00:41] [Folderizer] move item to : \\NASMATG\Raid\Films\Extinction.2015.FRENCH.BDRip.XVID.AC3
[2018/08/04 00:41] [Folderizer] File : Artus.Saignant.A.Point.avi
[2018/08/04 00:41] [Folderizer] New Folder : Artus.Saignant.A.Point
[2018/08/04 00:41] [Folderizer] move item to : \\NASMATG\Raid\Films\Artus.Saignant.A.Point
[2018/08/04 00:41] [Folderizer] File : 2047.The.Final.War.2014.FRENCH.BDRiP.XViD.GIANTMAX.avi
[2018/08/04 00:41] [Folderizer] New Folder : 2047.The.Final.War.2014.FRENCH.BDRiP.XViD.GIANTMAX
[2018/08/04 00:41] [Folderizer] move item to : \\NASMATG\Raid\Films\2047.The.Final.War.2014.FRENCH.BDRiP.XViD.GIANTMAX
[2018/08/04 00:41] [Folderizer] File : Another.World.2015.FRENCH.HDRip.XviD-FiCTiON.avi
[2018/08/04 00:41] [Folderizer] New Folder : Another.World.2015.FRENCH.HDRip.XviD-FiCTiON
[2018/08/04 00:41] [Folderizer] move item to : \\NASMATG\Raid\Films\Another.World.2015.FRENCH.HDRip.XviD-FiCTiON
[2018/08/04 00:41] [Folderizer] END Folderizer path : \\NASMATG\Raid\Films
[2018/08/04 00:41] [Folderizer] START Folderizer path : \\NASMATG\Raid\Films
[2018/08/04 00:41] [Folderizer] END Folderizer path : \\NASMATG\Raid\Films
[2018/08/04 00:41] [Folderizer] START Folderizer path : \\NASMATG\Raid\Films
[2018/08/04 00:41] [Folderizer] END Folderizer path : \\NASMATG\Raid\Films
[2018/08/04 00:41] [Folderizer] START Folderizer path : \\NASMATG\Raid\Films
[2018/08/04 00:41] [Folderizer] File : Blood Father 2016 Truefrench 720p x264 AAC PIXEL.mp4
[2018/08/04 00:41] [Folderizer] New Folder : Blood Father 2016 Truefrench 720p x264 AAC PIXEL
[2018/08/04 00:41] [Folderizer] move item to : \\NASMATG\Raid\Films\Blood Father 2016 Truefrench 720p x264 AAC PIXEL
[2018/08/04 00:41] [Folderizer] END Folderizer path : \\NASMATG\Raid\Films
[2018/08/04 00:44] [Folderizer] START Folderizer path : \\NASMATG\Raid\Films
[2018/08/04 00:44] [Folderizer] File : Brice.3.2016.FRENCH.BDRip.x264.mkv
[2018/08/04 00:44] [Folderizer] New Folder : Brice.3.2016.FRENCH.BDRip.x264
[2018/08/04 00:44] [Folderizer] move item to : \\NASMATG\Raid\Films\Brice.3.2016.FRENCH.BDRip.x264
[2018/08/04 00:44] [Folderizer] File : La La Land (2016) MULTi VF2 [1080p] BluRay x264-PopHD.mkv
[2018/08/04 00:44] [Folderizer] New Folder : La La Land (2016) MULTi VF2 [1080p] BluRay x264-PopHD
[2018/08/04 00:44] [Folderizer] move item to : \\NASMATG\Raid\Films\La La Land (2016) MULTi VF2 [1080p] BluRay x264-PopHD
[2018/08/04 00:44] [Folderizer] File : Get Out (2017) MULTi VFQ [1080p] BluRay x264-PopHD.mkv
[2018/08/04 00:44] [Folderizer] New Folder : Get Out (2017) MULTi VFQ [1080p] BluRay x264-PopHD
[2018/08/04 00:44] [Folderizer] move item to : \\NASMATG\Raid\Films\Get Out (2017) MULTi VFQ [1080p] BluRay x264-PopHD
[2018/08/04 00:44] [Folderizer] File : Big Hero 6 (2014) [1080p] MULTi BluRay x264-PopHD.mkv
[2018/08/04 00:44] [Folderizer] New Folder : Big Hero 6 (2014) [1080p] MULTi BluRay x264-PopHD
[2018/08/04 00:44] [Folderizer] move item to : \\NASMATG\Raid\Films\Big Hero 6 (2014) [1080p] MULTi BluRay x264-PopHD
[2018/08/04 00:44] [Folderizer] File : [ www.CpasBien.cm ] Deadpool.2016.MULTi.1080p.BluRay.x264-VENUE.mkv
[2018/08/04 00:44] [Folderizer] New Folder : [ www.CpasBien.cm ] Deadpool.2016.MULTi.1080p.BluRay.x264-VENUE
[2018/08/04 00:44] [Folderizer] move item to : \\NASMATG\Raid\Films\[ www.CpasBien.cm ] Deadpool.2016.MULTi.1080p.BluRay.x264-VENUE
[2018/08/04 00:44] [Folderizer] File : [ Torrent9.tv ] Guardians.of.the.Galaxy.Vol.2.2017.MULTi.1080p.BluRay.x264-VENUE.mkv
[2018/08/04 00:44] [Folderizer] New Folder : [ Torrent9.tv ] Guardians.of.the.Galaxy.Vol.2.2017.MULTi.1080p.BluRay.x264-VENUE
[2018/08/04 00:44] [Folderizer] move item to : \\NASMATG\Raid\Films\[ Torrent9.tv ] Guardians.of.the.Galaxy.Vol.2.2017.MULTi.1080p.BluRay.x264-VENUE
[2018/08/04 00:44] [Folderizer] File : Passengers (2016) MULTi [1080p] BluRay x264-PopHD.mkv
[2018/08/04 00:44] [Folderizer] New Folder : Passengers (2016) MULTi [1080p] BluRay x264-PopHD
[2018/08/04 00:44] [Folderizer] move item to : \\NASMATG\Raid\Films\Passengers (2016) MULTi [1080p] BluRay x264-PopHD
[2018/08/04 00:44] [Folderizer] File : Sicario (2015) MULTi (VFF-VO-VFQ) [1080p] BluRay x264-PopHD.mkv
[2018/08/04 00:44] [Folderizer] New Folder : Sicario (2015) MULTi (VFF-VO-VFQ) [1080p] BluRay x264-PopHD
[2018/08/04 00:44] [Folderizer] move item to : \\NASMATG\Raid\Films\Sicario (2015) MULTi (VFF-VO-VFQ) [1080p] BluRay x264-PopHD
[2018/08/04 00:44] [Folderizer] File : [ www.CpasBien.cm ] Now.You.See.Me.2.2016.MULTi.1080p.BluRay.x264-LOST.mkv
[2018/08/04 00:44] [Folderizer] New Folder : [ www.CpasBien.cm ] Now.You.See.Me.2.2016.MULTi.1080p.BluRay.x264-LOST
[2018/08/04 00:44] [Folderizer] move item to : \\NASMATG\Raid\Films\[ www.CpasBien.cm ] Now.You.See.Me.2.2016.MULTi.1080p.BluRay.x264-LOST
[2018/08/04 00:44] [Folderizer] File : Twelve Monkeys [1080p] MULTi 1995 BluRay x264-Pop (L'armée Des 12 Singes) .mkv
[2018/08/04 00:44] [Folderizer] New Folder : Twelve Monkeys [1080p] MULTi 1995 BluRay x264-Pop (L'armée Des 12 Singes) 
[2018/08/04 00:44] [Folderizer] move item to : \\NASMATG\Raid\Films\Twelve Monkeys [1080p] MULTi 1995 BluRay x264-Pop (L'armée Des 12 Singes) 
[2018/08/04 00:44] [Folderizer] File : Cloudy With A Chance Of Meatballs 2 (2013) HDRiP [1080p] [VFF-VOSTFR] HEVC AAC Snorlax.mkv
[2018/08/04 00:44] [Folderizer] New Folder : Cloudy With A Chance Of Meatballs 2 (2013) HDRiP [1080p] [VFF-VOSTFR] HEVC AAC Snorlax
[2018/08/04 00:44] [Folderizer] move item to : \\NASMATG\Raid\Films\Cloudy With A Chance Of Meatballs 2 (2013) HDRiP [1080p] [VFF-VOSTFR] HEVC AAC Snorlax
[2018/08/04 00:44] [Folderizer] File : [ Torrent9.info ] Alibi.com.2017.FRENCH.720p.BluRay.x264-LOST.mkv
[2018/08/04 00:44] [Folderizer] New Folder : [ Torrent9.info ] Alibi.com.2017.FRENCH.720p.BluRay.x264-LOST
[2018/08/04 00:44] [Folderizer] move item to : \\NASMATG\Raid\Films\[ Torrent9.info ] Alibi.com.2017.FRENCH.720p.BluRay.x264-LOST
[2018/08/04 00:44] [Folderizer] END Folderizer path : \\NASMATG\Raid\Films
[2018/08/04 00:44] [Folderizer] START Folderizer path : \\NASMATG\Raid\Films
[2018/08/04 00:44] [Folderizer] END Folderizer path : \\NASMATG\Raid\Films
[2018/08/04 00:44] [Folderizer] START Folderizer path : \\NASMATG\Raid\Films
[2018/08/04 00:44] [Folderizer] END Folderizer path : \\NASMATG\Raid\Films
[2018/08/04 00:44] [Folderizer] START Folderizer path : \\NASMATG\Raid\Films
[2018/08/04 00:44] [Folderizer] END Folderizer path : \\NASMATG\Raid\Films
[2018/08/04 00:44] [Folderizer] START Folderizer path : \\NASMATG\Raid\Films
[2018/08/04 00:44] [Folderizer] END Folderizer path : \\NASMATG\Raid\Films
[2018/08/04 00:52] [Folderizer] START Folderizer path : \\NASMATG\Raid\Films
[2018/08/04 00:52] [Folderizer] File : Twelve Monkeys [1080p] MULTi 1995 BluRay x264-Pop (L'armée Des 12 Singes) .mkv
[2018/08/04 00:52] [Folderizer] New Folder : Twelve Monkeys [1080p] MULTi 1995 BluRay x264-Pop (L'armée Des 12 Singes) 
[2018/08/04 00:52] [Folderizer] move item to : \\NASMATG\Raid\Films\Twelve Monkeys [1080p] MULTi 1995 BluRay x264-Pop (L'armée Des 12 Singes) 
[2018/08/04 00:52] [Folderizer] END Folderizer path : \\NASMATG\Raid\Films
[2018/08/04 00:52] [Folderizer] START Folderizer path : \\NASMATG\Raid\Films
[2018/08/04 00:52] [Folderizer] END Folderizer path : \\NASMATG\Raid\Films
[2018/08/04 00:52] [Folderizer] START Folderizer path : \\NASMATG\Raid\Films
[2018/08/04 00:52] [Folderizer] END Folderizer path : \\NASMATG\Raid\Films
[2018/08/04 00:52] [Folderizer] START Folderizer path : \\NASMATG\Raid\Films
[2018/08/04 00:52] [Folderizer] END Folderizer path : \\NASMATG\Raid\Films
[2018/08/04 00:52] [Folderizer] START Folderizer path : \\NASMATG\Raid\Films
[2018/08/04 00:52] [Folderizer] END Folderizer path : \\NASMATG\Raid\Films
[2018/08/04 00:53] [Folderizer] START Folderizer path : \\NASMATG\Raid\Films
[2018/08/04 00:53] [Folderizer] File : Twelve Monkeys [1080p] MULTi 1995 BluRay x264-Pop (L'armée Des 12 Singes) .mkv
[2018/08/04 00:53] [Folderizer] New Folder : Twelve Monkeys [1080p] MULTi 1995 BluRay x264-Pop (L'armée Des 12 Singes) 
[2018/08/04 00:53] [Folderizer] move item to : \\NASMATG\Raid\Films\Twelve Monkeys [1080p] MULTi 1995 BluRay x264-Pop (L'armée Des 12 Singes) 
[2018/08/04 00:53] [Folderizer] END Folderizer path : \\NASMATG\Raid\Films
[2018/08/04 00:53] [Folderizer] START Folderizer path : \\NASMATG\Raid\Films
[2018/08/04 00:53] [Folderizer] END Folderizer path : \\NASMATG\Raid\Films
[2018/08/04 00:53] [Folderizer] START Folderizer path : \\NASMATG\Raid\Films
[2018/08/04 00:53] [Folderizer] END Folderizer path : \\NASMATG\Raid\Films
[2018/08/04 00:53] [Folderizer] START Folderizer path : \\NASMATG\Raid\Films
[2018/08/04 00:53] [Folderizer] END Folderizer path : \\NASMATG\Raid\Films
[2018/08/04 00:53] [Folderizer] START Folderizer path : \\NASMATG\Raid\Films
[2018/08/04 00:53] [Folderizer] END Folderizer path : \\NASMATG\Raid\Films
[2018/08/04 00:54] [Folderizer] START Folderizer path : \\NASMATG\Raid\Films
[2018/08/04 00:54] [Folderizer] File : Twelve Monkeys [1080p] MULTi 1995 BluRay x264-Pop (L'armée Des 12 Singes) .mkv
[2018/08/04 00:54] [Folderizer] New Folder : Twelve Monkeys [1080p] MULTi 1995 BluRay x264-Pop (L'armée Des 12 Singes) 
[2018/08/04 00:54] [Folderizer] move item to : \\NASMATG\Raid\Films\Twelve Monkeys [1080p] MULTi 1995 BluRay x264-Pop (L'armée Des 12 Singes) .mkv to \\NASMATG\Raid\Films\Twelve Monkeys [1080p] MULTi 1995 BluRay x264-Pop (L'armée Des 12 Singes) 
[2018/08/04 00:54] [Folderizer] END Folderizer path : \\NASMATG\Raid\Films
[2018/08/04 00:54] [Folderizer] START Folderizer path : \\NASMATG\Raid\Films
[2018/08/04 00:54] [Folderizer] END Folderizer path : \\NASMATG\Raid\Films
[2018/08/04 00:54] [Folderizer] START Folderizer path : \\NASMATG\Raid\Films
[2018/08/04 00:54] [Folderizer] END Folderizer path : \\NASMATG\Raid\Films
[2018/08/04 00:54] [Folderizer] START Folderizer path : \\NASMATG\Raid\Films
[2018/08/04 00:54] [Folderizer] END Folderizer path : \\NASMATG\Raid\Films
[2018/08/04 00:54] [Folderizer] START Folderizer path : \\NASMATG\Raid\Films
[2018/08/04 00:54] [Folderizer] END Folderizer path : \\NASMATG\Raid\Films
[2018/08/04 00:57] [Folderizer] START Folderizer path : \\NASMATG\Raid\Films
[2018/08/04 00:57] [Folderizer] File : Twelve Monkeys [1080p] MULTi 1995 BluRay x264-Pop (L'armée Des 12 Singes) .mkv
[2018/08/04 00:57] [Folderizer] New Folder : Twelve Monkeys [1080p] MULTi 1995 BluRay x264-Pop (L'armée Des 12 Singes) 
[2018/08/04 00:57] [Folderizer] move item to : \\NASMATG\Raid\Films\Twelve Monkeys [1080p] MULTi 1995 BluRay x264-Pop (L'armée Des 12 Singes) .mkv to \\NASMATG\Raid\Films\Twelve Monkeys [1080p] MULTi 1995 BluRay x264-Pop (L'armée Des 12 Singes) 
[2018/08/04 00:57] [Folderizer] END Folderizer path : \\NASMATG\Raid\Films
[2018/08/04 00:57] [Folderizer] START Folderizer path : \\NASMATG\Raid\Films
[2018/08/04 00:57] [Folderizer] END Folderizer path : \\NASMATG\Raid\Films
[2018/08/04 00:57] [Folderizer] START Folderizer path : \\NASMATG\Raid\Films
[2018/08/04 00:57] [Folderizer] END Folderizer path : \\NASMATG\Raid\Films
[2018/08/04 00:57] [Folderizer] START Folderizer path : \\NASMATG\Raid\Films
[2018/08/04 00:57] [Folderizer] END Folderizer path : \\NASMATG\Raid\Films
[2018/08/04 00:57] [Folderizer] START Folderizer path : \\NASMATG\Raid\Films
[2018/08/04 00:57] [Folderizer] END Folderizer path : \\NASMATG\Raid\Films
[2018/08/04 00:57] [Folderizer] START Folderizer path : \\NASMATG\Raid\Films
[2018/08/04 00:57] [Folderizer] File : Twelve Monkeys [1080p] MULTi 1995 BluRay x264-Pop (Larmée Des 12 Singes) .mkv
[2018/08/04 00:57] [Folderizer] New Folder : Twelve Monkeys [1080p] MULTi 1995 BluRay x264-Pop (Larmée Des 12 Singes) 
[2018/08/04 00:57] [Folderizer] move item to : \\NASMATG\Raid\Films\Twelve Monkeys [1080p] MULTi 1995 BluRay x264-Pop (Larmée Des 12 Singes) .mkv to \\NASMATG\Raid\Films\Twelve Monkeys [1080p] MULTi 1995 BluRay x264-Pop (Larmée Des 12 Singes) 
[2018/08/04 00:57] [Folderizer] END Folderizer path : \\NASMATG\Raid\Films
[2018/08/04 00:57] [Folderizer] START Folderizer path : \\NASMATG\Raid\Films
[2018/08/04 00:57] [Folderizer] END Folderizer path : \\NASMATG\Raid\Films
[2018/08/04 00:57] [Folderizer] START Folderizer path : \\NASMATG\Raid\Films
[2018/08/04 00:57] [Folderizer] END Folderizer path : \\NASMATG\Raid\Films
[2018/08/04 00:57] [Folderizer] START Folderizer path : \\NASMATG\Raid\Films
[2018/08/04 00:57] [Folderizer] END Folderizer path : \\NASMATG\Raid\Films
[2018/08/04 00:57] [Folderizer] START Folderizer path : \\NASMATG\Raid\Films
[2018/08/04 00:57] [Folderizer] END Folderizer path : \\NASMATG\Raid\Films
[2018/08/04 00:59] [Folderizer] START Folderizer path : \\NASMATG\Raid\Films
[2018/08/04 00:59] [Folderizer] File : Twelve Monkeys [1080p] MULTi 1995 BluRay x264-Pop (Larmée Des 12 Singes) .mkv
[2018/08/04 00:59] [Folderizer] New Folder : Twelve Monkeys [1080p] MULTi 1995 BluRay x264-Pop (Larmée Des 12 Singes) 
[2018/08/04 00:59] [Folderizer] move item from : \\NASMATG\Raid\Films\Twelve Monkeys [1080p] MULTi 1995 BluRay x264-Pop (Larmée Des 12 Singes) .mkv to \\NASMATG\Raid\Films\Twelve Monkeys [1080p] MULTi 1995 BluRay x264-Pop (Larmée Des 12 Singes) 
[2018/08/04 00:59] [Folderizer] END Folderizer path : \\NASMATG\Raid\Films
[2018/08/04 00:59] [Folderizer] START Folderizer path : \\NASMATG\Raid\Films
[2018/08/04 00:59] [Folderizer] END Folderizer path : \\NASMATG\Raid\Films
[2018/08/04 00:59] [Folderizer] START Folderizer path : \\NASMATG\Raid\Films
[2018/08/04 00:59] [Folderizer] END Folderizer path : \\NASMATG\Raid\Films
[2018/08/04 00:59] [Folderizer] START Folderizer path : \\NASMATG\Raid\Films
[2018/08/04 00:59] [Folderizer] END Folderizer path : \\NASMATG\Raid\Films
[2018/08/04 00:59] [Folderizer] START Folderizer path : \\NASMATG\Raid\Films
[2018/08/04 00:59] [Folderizer] END Folderizer path : \\NASMATG\Raid\Films
[2018/08/04 01:00] [Folderizer] START Folderizer path : \\NASMATG\Raid\Films
[2018/08/04 01:00] [Folderizer] File : Twelve Monkeys [1080p] MULTi 1995 BluRay x264-Pop (Larmee Des 12 Singes) .mkv
[2018/08/04 01:00] [Folderizer] New Folder : Twelve Monkeys [1080p] MULTi 1995 BluRay x264-Pop (Larmee Des 12 Singes) 
[2018/08/04 01:00] [Folderizer] move item from : \\NASMATG\Raid\Films\Twelve Monkeys [1080p] MULTi 1995 BluRay x264-Pop (Larmee Des 12 Singes) .mkv to \\NASMATG\Raid\Films\Twelve Monkeys [1080p] MULTi 1995 BluRay x264-Pop (Larmee Des 12 Singes) 
[2018/08/04 01:00] [Folderizer] END Folderizer path : \\NASMATG\Raid\Films
[2018/08/04 01:00] [Folderizer] START Folderizer path : \\NASMATG\Raid\Films
[2018/08/04 01:00] [Folderizer] END Folderizer path : \\NASMATG\Raid\Films
[2018/08/04 01:00] [Folderizer] START Folderizer path : \\NASMATG\Raid\Films
[2018/08/04 01:00] [Folderizer] END Folderizer path : \\NASMATG\Raid\Films
[2018/08/04 01:00] [Folderizer] START Folderizer path : \\NASMATG\Raid\Films
[2018/08/04 01:00] [Folderizer] END Folderizer path : \\NASMATG\Raid\Films
[2018/08/04 01:00] [Folderizer] START Folderizer path : \\NASMATG\Raid\Films
[2018/08/04 01:00] [Folderizer] END Folderizer path : \\NASMATG\Raid\Films
[2018/08/04 01:01] [Folderizer] START Folderizer path : \\NASMATG\Raid\Films
[2018/08/04 01:01] [Folderizer] File : Twelve Monkeys (Larmee Des 12 Singes) .mkv
[2018/08/04 01:01] [Folderizer] New Folder : Twelve Monkeys (Larmee Des 12 Singes) 
[2018/08/04 01:01] [Folderizer] move item from : \\NASMATG\Raid\Films\Twelve Monkeys (Larmee Des 12 Singes) .mkv to \\NASMATG\Raid\Films\Twelve Monkeys (Larmee Des 12 Singes) 
[2018/08/04 01:01] [Folderizer] END Folderizer path : \\NASMATG\Raid\Films
[2018/08/04 01:01] [Folderizer] START Folderizer path : \\NASMATG\Raid\Films
[2018/08/04 01:01] [Folderizer] END Folderizer path : \\NASMATG\Raid\Films
[2018/08/04 01:01] [Folderizer] START Folderizer path : \\NASMATG\Raid\Films
[2018/08/04 01:01] [Folderizer] END Folderizer path : \\NASMATG\Raid\Films
[2018/08/04 01:01] [Folderizer] START Folderizer path : \\NASMATG\Raid\Films
[2018/08/04 01:01] [Folderizer] END Folderizer path : \\NASMATG\Raid\Films
[2018/08/04 01:01] [Folderizer] START Folderizer path : \\NASMATG\Raid\Films
[2018/08/04 01:01] [Folderizer] END Folderizer path : \\NASMATG\Raid\Films
[2018/08/04 01:02] [Folderizer] START Folderizer path : \\NASMATG\Raid\Films
[2018/08/04 01:02] [Folderizer] File : Twelve Monkeys (Larmee Des 12 Singes).mkv
[2018/08/04 01:02] [Folderizer] New Folder : Twelve Monkeys (Larmee Des 12 Singes)
[2018/08/04 01:02] [Folderizer] move item from : \\NASMATG\Raid\Films\Twelve Monkeys (Larmee Des 12 Singes).mkv to \\NASMATG\Raid\Films\Twelve Monkeys (Larmee Des 12 Singes)
[2018/08/04 01:02] [Folderizer] END Folderizer path : \\NASMATG\Raid\Films
[2018/08/04 01:02] [Folderizer] START Folderizer path : \\NASMATG\Raid\Films
[2018/08/04 01:02] [Folderizer] END Folderizer path : \\NASMATG\Raid\Films
[2018/08/04 01:02] [Folderizer] START Folderizer path : \\NASMATG\Raid\Films
[2018/08/04 01:02] [Folderizer] END Folderizer path : \\NASMATG\Raid\Films
[2018/08/04 01:02] [Folderizer] START Folderizer path : \\NASMATG\Raid\Films
[2018/08/04 01:02] [Folderizer] END Folderizer path : \\NASMATG\Raid\Films
[2018/08/04 01:02] [Folderizer] START Folderizer path : \\NASMATG\Raid\Films
[2018/08/04 01:02] [Folderizer] END Folderizer path : \\NASMATG\Raid\Films
